17:42:34.581 INFO  [paper-world-1] Loading utilities... 
17:42:34.584 INFO  [paper-world-1] Loading world metadata... 
17:42:34.585 INFO  [paper-world-1] The world is now online. 
17:42:57.143 INFO  [paper-world-1] A player has connected! 
17:44:32.662 INFO  [paper-world-1] Loading utilities... 
17:44:32.664 INFO  [paper-world-1] Loading world metadata... 
17:44:32.664 INFO  [paper-world-1] The world is now online. 
17:44:39.736 INFO  [paper-world-1] A player has connected! 
17:45:14.583 INFO  [paper-world-1] Loading utilities... 
17:45:14.584 INFO  [paper-world-1] Loading world metadata... 
17:45:14.585 INFO  [paper-world-1] The world is now online. 
17:45:28.063 INFO  [paper-world-1] A player has connected! 
17:47:06.654 INFO  [paper-world-1] Loading utilities... 
17:47:06.655 INFO  [paper-world-1] Loading world metadata... 
17:47:06.656 INFO  [paper-world-1] The world is now online. 
17:47:14.155 INFO  [paper-world-1] Loading utilities... 
17:47:14.156 INFO  [paper-world-1] Loading world metadata... 
17:47:14.157 INFO  [paper-world-1] The world is now online. 
18:45:36.303 INFO  [paper-world-1] Loading utilities... 
18:45:36.304 INFO  [paper-world-1] Loading world metadata... 
18:45:36.305 INFO  [paper-world-1] The world is now online. 
18:45:54.870 INFO  [paper-world-1] A player has connected! 
18:47:56.546 INFO  [paper-world-1] Loading utilities... 
18:47:56.548 INFO  [paper-world-1] Loading world metadata... 
18:47:56.549 INFO  [paper-world-1] The world is now online. 
18:48:12.343 INFO  [paper-world-1] Loading utilities... 
18:48:12.345 INFO  [paper-world-1] Loading world metadata... 
18:48:12.345 INFO  [paper-world-1] The world is now online. 
18:48:32.216 INFO  [paper-world-1] Loading utilities... 
18:48:32.218 INFO  [paper-world-1] Loading world metadata... 
18:48:32.218 INFO  [paper-world-1] The world is now online. 
18:50:09.663 INFO  [paper-world-1] Loading utilities... 
18:50:09.665 INFO  [paper-world-1] Loading world metadata... 
18:50:09.666 INFO  [paper-world-1] The world is now online. 
18:50:17.888 INFO  [paper-world-1] A player has connected! 
18:53:02.231 INFO  [paper-world-1] Loading utilities... 
18:53:02.233 INFO  [paper-world-1] Loading world metadata... 
18:53:02.234 INFO  [paper-world-1] The world is now online. 
18:53:06.857 INFO  [paper-world-1] A player has connected! 
18:54:24.848 INFO  [paper-world-1] Loading utilities... 
18:54:24.849 INFO  [paper-world-1] Loading world metadata... 
18:54:24.850 INFO  [paper-world-1] The world is now online. 
18:54:35.016 INFO  [paper-world-1] A player has connected! 
18:55:28.119 INFO  [paper-world-1] Loading utilities... 
18:55:28.120 INFO  [paper-world-1] Loading world metadata... 
18:55:28.121 INFO  [paper-world-1] The world is now online. 
18:55:30.546 INFO  [paper-world-1] A player has connected! 
18:56:52.835 INFO  [paper-world-1] Loading utilities... 
18:56:52.836 INFO  [paper-world-1] Loading world metadata... 
18:56:52.838 INFO  [paper-world-1] The world is now online. 
18:56:56.870 INFO  [paper-world-1] A player has connected! 
18:57:38.395 INFO  [paper-world-1] Loading utilities... 
18:57:38.398 INFO  [paper-world-1] Loading world metadata... 
18:57:38.399 INFO  [paper-world-1] The world is now online. 
18:57:40.795 INFO  [paper-world-1] A player has connected! 
18:59:18.790 INFO  [paper-world-1] Loading utilities... 
18:59:18.791 INFO  [paper-world-1] Loading world metadata... 
18:59:18.792 INFO  [paper-world-1] The world is now online. 
18:59:27.797 INFO  [paper-world-1] A player has connected! 
19:03:35.008 INFO  [paper-world-1] Loading utilities... 
19:03:35.010 INFO  [paper-world-1] Loading world metadata... 
19:03:35.011 INFO  [paper-world-1] The world is now online. 
19:03:42.942 INFO  [paper-world-1] A player has connected! 
19:04:33.503 INFO  [paper-world-1] Loading utilities... 
19:04:33.506 INFO  [paper-world-1] Loading world metadata... 
19:04:33.506 INFO  [paper-world-1] The world is now online. 
19:04:53.007 INFO  [paper-world-1] A player has connected! 
19:05:24.986 INFO  [paper-world-1] Loading utilities... 
19:05:24.987 INFO  [paper-world-1] Loading world metadata... 
19:05:24.988 INFO  [paper-world-1] The world is now online. 
19:05:25.451 INFO  [paper-world-1] A player has connected! 
19:06:23.776 INFO  [paper-world-1] Loading utilities... 
19:06:23.778 INFO  [paper-world-1] Loading world metadata... 
19:06:23.778 INFO  [paper-world-1] The world is now online. 
19:06:26.880 INFO  [paper-world-1] A player has connected! 
19:09:05.686 INFO  [paper-world-1] Loading utilities... 
19:09:05.688 INFO  [paper-world-1] Loading world metadata... 
19:09:05.688 INFO  [paper-world-1] The world is now online. 
19:09:08.606 INFO  [paper-world-1] A player has connected! 
19:09:44.889 INFO  [paper-world-1] Loading utilities... 
19:09:44.891 INFO  [paper-world-1] Loading world metadata... 
19:09:44.891 INFO  [paper-world-1] The world is now online. 
19:10:09.317 INFO  [paper-world-1] Loading utilities... 
19:10:09.319 INFO  [paper-world-1] Loading world metadata... 
19:10:09.320 INFO  [paper-world-1] The world is now online. 
19:10:12.887 INFO  [paper-world-1] A player has connected! 
19:14:14.300 INFO  [paper-world-1] Loading utilities... 
19:14:14.302 INFO  [paper-world-1] Loading world metadata... 
19:14:14.302 INFO  [paper-world-1] The world is now online. 
19:14:18.708 INFO  [paper-world-1] A player has connected! 
19:14:58.741 INFO  [paper-world-1] Loading utilities... 
19:14:58.742 INFO  [paper-world-1] Loading world metadata... 
19:14:58.743 INFO  [paper-world-1] The world is now online. 
19:15:01.092 INFO  [paper-world-1] A player has connected! 
19:15:24.242 INFO  [paper-world-1] Loading utilities... 
19:15:24.243 INFO  [paper-world-1] Loading world metadata... 
19:15:24.244 INFO  [paper-world-1] The world is now online. 
19:15:28.020 INFO  [paper-world-1] A player has connected! 
19:16:08.632 INFO  [paper-world-1] Loading utilities... 
19:16:08.634 INFO  [paper-world-1] Loading world metadata... 
19:16:08.634 INFO  [paper-world-1] The world is now online. 
19:16:12.358 INFO  [paper-world-1] A player has connected! 
19:16:50.516 INFO  [paper-world-1] Loading utilities... 
19:16:50.518 INFO  [paper-world-1] Loading world metadata... 
19:16:50.518 INFO  [paper-world-1] The world is now online. 
19:17:29.518 INFO  [paper-world-1] Loading utilities... 
19:17:29.519 INFO  [paper-world-1] Loading world metadata... 
19:17:29.520 INFO  [paper-world-1] The world is now online. 
19:17:43.017 INFO  [paper-world-1] Loading utilities... 
19:17:43.018 INFO  [paper-world-1] Loading world metadata... 
19:17:43.019 INFO  [paper-world-1] The world is now online. 
19:17:44.442 INFO  [paper-world-1] A player has connected! 
19:19:17.605 INFO  [paper-world-1] Loading utilities... 
19:19:17.607 INFO  [paper-world-1] Loading world metadata... 
19:19:17.607 INFO  [paper-world-1] The world is now online. 
19:19:20.289 INFO  [paper-world-1] A player has connected! 
19:19:41.426 INFO  [paper-world-1] Loading utilities... 
19:19:41.427 INFO  [paper-world-1] Loading world metadata... 
19:19:41.428 INFO  [paper-world-1] The world is now online. 
19:19:43.950 INFO  [paper-world-1] A player has connected! 
19:20:13.632 INFO  [paper-world-1] Loading utilities... 
19:20:13.633 INFO  [paper-world-1] Loading world metadata... 
19:20:13.634 INFO  [paper-world-1] The world is now online. 
19:21:15.754 INFO  [paper-world-1] Loading utilities... 
19:21:15.756 INFO  [paper-world-1] Loading world metadata... 
19:21:15.756 INFO  [paper-world-1] The world is now online. 
19:21:18.295 INFO  [paper-world-1] A player has connected! 
19:22:16.088 INFO  [paper-world-1] Loading utilities... 
19:22:16.089 INFO  [paper-world-1] Loading world metadata... 
19:22:16.090 INFO  [paper-world-1] The world is now online. 
19:22:20.240 INFO  [paper-world-1] A player has connected! 
19:22:39.795 INFO  [paper-world-1] Loading utilities... 
19:22:39.796 INFO  [paper-world-1] Loading world metadata... 
19:22:39.797 INFO  [paper-world-1] The world is now online. 
19:22:42.273 INFO  [paper-world-1] A player has connected! 
19:24:11.692 INFO  [paper-world-1] Loading utilities... 
19:24:11.695 INFO  [paper-world-1] Loading world metadata... 
19:24:11.696 INFO  [paper-world-1] The world is now online. 
19:24:18.942 INFO  [paper-world-1] Loading utilities... 
19:24:18.944 INFO  [paper-world-1] Loading world metadata... 
19:24:18.944 INFO  [paper-world-1] The world is now online. 
19:24:39.486 INFO  [paper-world-1] Loading utilities... 
19:24:39.488 INFO  [paper-world-1] Loading world metadata... 
19:24:39.488 INFO  [paper-world-1] The world is now online. 
19:24:43.181 INFO  [paper-world-1] A player has connected! 
19:24:43.186 INFO  [paper-world-1] Player failed to disconnect lel 
19:25:13.379 INFO  [paper-world-1] Loading utilities... 
19:25:13.380 INFO  [paper-world-1] Loading world metadata... 
19:25:13.381 INFO  [paper-world-1] The world is now online. 
19:25:18.403 INFO  [paper-world-1] A player has connected! 
19:25:18.406 INFO  [paper-world-1] Player failed to disconnect lel 
19:25:35.743 INFO  [paper-world-1] Loading utilities... 
19:25:35.744 INFO  [paper-world-1] Loading world metadata... 
19:25:35.745 INFO  [paper-world-1] The world is now online. 
19:25:41.676 INFO  [paper-world-1] A player has connected! 
19:25:42.201 INFO  [paper-world-1] A player has disconnected. 
19:26:42.197 INFO  [paper-world-1] Loading utilities... 
19:26:42.199 INFO  [paper-world-1] Loading world metadata... 
19:26:42.199 INFO  [paper-world-1] The world is now online. 
19:26:48.909 INFO  [paper-world-1] A player has connected! 
19:27:08.485 INFO  [paper-world-1] A player has disconnected. 
19:28:31.259 INFO  [paper-world-1] Loading utilities... 
19:28:31.260 INFO  [paper-world-1] Loading world metadata... 
19:28:31.261 INFO  [paper-world-1] The world is now online. 
19:29:36.614 INFO  [paper-world-1] Loading utilities... 
19:29:36.616 INFO  [paper-world-1] Loading world metadata... 
19:29:36.616 INFO  [paper-world-1] The world is now online. 
19:29:41.244 INFO  [paper-world-1] A player has connected! 
19:29:57.590 INFO  [paper-world-1] A player has disconnected. 
19:36:54.430 INFO  [paper-world-1] Loading utilities... 
19:36:54.432 INFO  [paper-world-1] Loading world metadata... 
19:36:54.432 INFO  [paper-world-1] The world is now online. 
19:36:59.701 INFO  [paper-world-1] A player has connected! 
19:37:07.329 INFO  [paper-world-1] A player has disconnected. 
19:38:06.010 INFO  [paper-world-1] Loading utilities... 
19:38:06.011 INFO  [paper-world-1] Loading world metadata... 
19:38:06.012 INFO  [paper-world-1] The world is now online. 
19:38:08.633 INFO  [paper-world-1] A player has connected! 
19:38:25.180 INFO  [paper-world-1] Loading utilities... 
19:38:25.181 INFO  [paper-world-1] Loading world metadata... 
19:38:25.182 INFO  [paper-world-1] The world is now online. 
19:38:29.658 INFO  [paper-world-1] A player has connected! 
19:40:01.100 INFO  [paper-world-1] Loading utilities... 
19:40:01.101 INFO  [paper-world-1] Loading world metadata... 
19:40:01.102 INFO  [paper-world-1] The world is now online. 
19:40:05.527 INFO  [paper-world-1] Loading utilities... 
19:40:05.529 INFO  [paper-world-1] Loading world metadata... 
19:40:05.530 INFO  [paper-world-1] The world is now online. 
19:40:24.487 INFO  [paper-world-1] Loading utilities... 
19:40:24.488 INFO  [paper-world-1] Loading world metadata... 
19:40:24.489 INFO  [paper-world-1] The world is now online. 
19:40:29.667 INFO  [paper-world-1] A player has connected! 
19:41:14.599 INFO  [paper-world-1] Loading utilities... 
19:41:14.601 INFO  [paper-world-1] Loading world metadata... 
19:41:14.602 INFO  [paper-world-1] The world is now online. 
19:41:18.971 INFO  [paper-world-1] A player has connected! 
19:42:22.193 INFO  [paper-world-1] Loading utilities... 
19:42:22.194 INFO  [paper-world-1] Loading world metadata... 
19:42:22.195 INFO  [paper-world-1] The world is now online. 
19:42:24.639 INFO  [paper-world-1] A player has connected! 
19:43:52.218 INFO  [paper-world-1] Loading utilities... 
19:43:52.219 INFO  [paper-world-1] Loading world metadata... 
19:43:52.220 INFO  [paper-world-1] The world is now online. 
19:43:54.109 INFO  [paper-world-1] A player has connected! 
19:45:42.778 INFO  [paper-world-1] Loading utilities... 
19:45:42.780 INFO  [paper-world-1] Loading world metadata... 
19:45:42.780 INFO  [paper-world-1] The world is now online. 
19:45:46.538 INFO  [paper-world-1] A player has connected! 
19:45:51.383 INFO  [paper-world-1] A player has disconnected. 
19:45:51.392 INFO  [paper-world-1] 1005 
19:48:06.247 INFO  [paper-world-1] Loading utilities... 
19:48:06.248 INFO  [paper-world-1] Loading world metadata... 
19:48:06.249 INFO  [paper-world-1] The world is now online. 
19:48:08.727 INFO  [paper-world-1] A player has connected! 
19:48:28.406 INFO  [paper-world-1] A player has disconnected. 
19:49:00.342 INFO  [paper-world-1] Loading utilities... 
19:49:00.343 INFO  [paper-world-1] Loading world metadata... 
19:49:00.344 INFO  [paper-world-1] The world is now online. 
19:49:03.847 INFO  [paper-world-1] A player has connected! 
19:49:13.335 INFO  [paper-world-1] A player has disconnected. 
19:49:13.339 INFO  [paper-world-1] 1005 
19:49:41.920 INFO  [paper-world-1] Loading utilities... 
19:49:41.921 INFO  [paper-world-1] Loading world metadata... 
19:49:41.922 INFO  [paper-world-1] The world is now online. 
19:49:47.652 INFO  [paper-world-1] A player has connected! 
19:49:53.560 INFO  [paper-world-1] A player has disconnected. 
19:50:14.969 INFO  [paper-world-1] Loading utilities... 
19:50:14.970 INFO  [paper-world-1] Loading world metadata... 
19:50:14.971 INFO  [paper-world-1] The world is now online. 
19:50:15.594 INFO  [paper-world-1] A player has connected! 
19:50:19.382 INFO  [paper-world-1] A player has disconnected. 
19:50:19.382 INFO  [paper-world-1] 1005 
19:51:20.796 INFO  [paper-world-1] Loading utilities... 
19:51:20.798 INFO  [paper-world-1] Loading world metadata... 
19:51:20.799 INFO  [paper-world-1] The world is now online. 
19:51:23.061 INFO  [paper-world-1] A player has connected! 
19:51:47.839 INFO  [paper-world-1] Loading utilities... 
19:51:47.841 INFO  [paper-world-1] Loading world metadata... 
19:51:47.841 INFO  [paper-world-1] The world is now online. 
19:51:50.727 INFO  [paper-world-1] A player has connected! 
19:53:12.348 INFO  [paper-world-1] Loading utilities... 
19:53:12.349 INFO  [paper-world-1] Loading world metadata... 
19:53:12.350 INFO  [paper-world-1] The world is now online. 
19:53:14.517 INFO  [paper-world-1] A player has connected! 
19:56:56.354 INFO  [paper-world-1] Loading utilities... 
19:56:56.356 INFO  [paper-world-1] Loading world metadata... 
19:56:56.356 INFO  [paper-world-1] The world is now online. 
19:57:02.905 INFO  [paper-world-1] A player has connected! 
19:58:19.504 INFO  [paper-world-1] Loading utilities... 
19:58:19.506 INFO  [paper-world-1] Loading world metadata... 
19:58:19.507 INFO  [paper-world-1] The world is now online. 
19:58:23.365 INFO  [paper-world-1] A player has connected! 
19:59:00.450 INFO  [paper-world-1] Loading utilities... 
19:59:00.451 INFO  [paper-world-1] Loading world metadata... 
19:59:00.452 INFO  [paper-world-1] The world is now online. 
19:59:05.743 INFO  [paper-world-1] A player has connected! 
19:59:36.427 INFO  [paper-world-1] Loading utilities... 
19:59:36.429 INFO  [paper-world-1] Loading world metadata... 
19:59:36.430 INFO  [paper-world-1] The world is now online. 
19:59:38.921 INFO  [paper-world-1] A player has connected! 
20:02:19.292 INFO  [paper-world-1] Loading utilities... 
20:02:19.294 INFO  [paper-world-1] Loading world metadata... 
20:02:19.294 INFO  [paper-world-1] The world is now online. 
20:02:22.194 INFO  [paper-world-1] A player has connected! 
20:02:50.811 INFO  [paper-world-1] Loading utilities... 
20:02:50.813 INFO  [paper-world-1] Loading world metadata... 
20:02:50.813 INFO  [paper-world-1] The world is now online. 
20:02:51.823 INFO  [paper-world-1] A player has connected! 
20:03:27.008 INFO  [paper-world-1] Loading utilities... 
20:03:27.010 INFO  [paper-world-1] Loading world metadata... 
20:03:27.010 INFO  [paper-world-1] The world is now online. 
20:03:29.735 INFO  [paper-world-1] A player has connected! 
20:04:44.975 INFO  [paper-world-1] Loading utilities... 
20:04:44.976 INFO  [paper-world-1] Loading world metadata... 
20:04:44.977 INFO  [paper-world-1] The world is now online. 
20:04:49.113 INFO  [paper-world-1] A player has connected! 
20:06:11.800 INFO  [paper-world-1] Loading utilities... 
20:06:11.802 INFO  [paper-world-1] Loading world metadata... 
20:06:11.803 INFO  [paper-world-1] The world is now online. 
20:06:15.994 INFO  [paper-world-1] A player has connected! 
20:06:31.376 INFO  [paper-world-1] A player has disconnected. 
20:06:51.925 INFO  [paper-world-1] Loading utilities... 
20:06:51.927 INFO  [paper-world-1] Loading world metadata... 
20:06:51.928 INFO  [paper-world-1] The world is now online. 
20:06:54.599 INFO  [paper-world-1] A player has connected! 
20:09:58.646 INFO  [paper-world-1] Loading utilities... 
20:09:58.648 INFO  [paper-world-1] Loading world metadata... 
20:09:58.649 INFO  [paper-world-1] The world is now online. 
20:11:53.462 INFO  [paper-world-1] Loading utilities... 
20:11:53.463 INFO  [paper-world-1] Loading world metadata... 
20:11:53.464 INFO  [paper-world-1] The world is now online. 
20:11:56.676 INFO  [paper-world-1] A player has connected! 
20:13:00.808 INFO  [paper-world-1] A player has disconnected. 
20:14:00.482 INFO  [paper-world-1] Loading utilities... 
20:14:00.484 INFO  [paper-world-1] Loading world metadata... 
20:14:00.485 INFO  [paper-world-1] The world is now online. 
20:14:06.770 INFO  [paper-world-1] A player has connected! 
20:18:29.146 INFO  [paper-world-1] Loading utilities... 
20:18:29.147 INFO  [paper-world-1] Loading world metadata... 
20:20:07.934 INFO  [paper-world-1] Loading utilities... 
20:20:07.936 INFO  [paper-world-1] Loading world metadata... 
20:20:43.563 INFO  [paper-world-1] Loading utilities... 
20:20:43.564 INFO  [paper-world-1] Loading world metadata... 
20:23:05.881 INFO  [paper-world-1] Loading utilities... 
20:23:05.883 INFO  [paper-world-1] Loading world metadata... 
20:23:05.883 INFO  [paper-world-1] The world is now online. 
20:23:12.073 INFO  [paper-world-1] A player has connected! 
20:23:42.533 INFO  [paper-world-1] Loading utilities... 
20:23:42.535 INFO  [paper-world-1] Loading world metadata... 
20:23:42.536 INFO  [paper-world-1] The world is now online. 
20:23:57.525 INFO  [paper-world-1] A player has connected! 
20:24:10.328 INFO  [paper-world-1] Loading utilities... 
20:24:10.329 INFO  [paper-world-1] Loading world metadata... 
20:24:10.330 INFO  [paper-world-1] The world is now online. 
20:24:13.153 INFO  [paper-world-1] A player has connected! 
20:25:55.477 INFO  [paper-world-1] Loading utilities... 
20:25:55.479 INFO  [paper-world-1] Loading world metadata... 
20:25:55.480 INFO  [paper-world-1] The world is now online. 
20:26:00.881 INFO  [paper-world-1] Loading utilities... 
20:26:00.883 INFO  [paper-world-1] Loading world metadata... 
20:26:00.883 INFO  [paper-world-1] The world is now online. 
20:26:46.718 INFO  [paper-world-1] Loading utilities... 
20:26:46.720 INFO  [paper-world-1] Loading world metadata... 
20:26:46.720 INFO  [paper-world-1] The world is now online. 
20:26:50.101 INFO  [paper-world-1] A player has connected! 
20:27:19.908 INFO  [paper-world-1] Loading utilities... 
20:27:19.911 INFO  [paper-world-1] Loading world metadata... 
20:27:19.911 INFO  [paper-world-1] The world is now online. 
20:27:22.346 INFO  [paper-world-1] A player has connected! 
20:28:14.002 INFO  [paper-world-1] Loading utilities... 
20:28:14.004 INFO  [paper-world-1] Loading world metadata... 
20:28:14.005 INFO  [paper-world-1] The world is now online. 
20:28:16.506 INFO  [paper-world-1] A player has connected! 
20:28:16.511 INFO  [paper-world-1] hi 
20:30:12.865 INFO  [paper-world-1] Loading utilities... 
20:30:12.867 INFO  [paper-world-1] Loading world metadata... 
20:30:12.867 INFO  [paper-world-1] The world is now online. 
20:30:15.716 INFO  [paper-world-1] A player has connected! 
20:36:50.747 INFO  [paper-world-1] Loading utilities... 
20:36:50.748 INFO  [paper-world-1] Loading world metadata... 
20:36:50.749 INFO  [paper-world-1] The world is now online. 
20:36:53.022 INFO  [paper-world-1] A player has connected! 
20:37:40.781 INFO  [paper-world-1] Loading utilities... 
20:37:40.782 INFO  [paper-world-1] Loading world metadata... 
20:37:40.783 INFO  [paper-world-1] The world is now online. 
20:37:43.468 INFO  [paper-world-1] A player has connected! 
20:37:56.982 INFO  [paper-world-1] Loading utilities... 
20:37:56.984 INFO  [paper-world-1] Loading world metadata... 
20:37:56.984 INFO  [paper-world-1] The world is now online. 
20:37:59.127 INFO  [paper-world-1] A player has connected! 
20:37:59.164 INFO  [paper-world-1] Player sent: hi 
20:42:02.441 INFO  [paper-world-1] Loading utilities... 
20:42:02.442 INFO  [paper-world-1] Loading world metadata... 
20:42:02.443 INFO  [paper-world-1] The world is now online. 
20:42:07.713 INFO  [paper-world-1] A player has connected! 
20:42:07.718 INFO  [paper-world-1] Player sent: hi 
20:47:41.329 INFO  [paper-world-1] Loading utilities... 
20:47:41.331 INFO  [paper-world-1] Loading world metadata... 
20:47:41.331 INFO  [paper-world-1] The world is now online. 
20:51:24.450 INFO  [paper-world-1] A player has connected! 
20:51:30.914 INFO  [paper-world-1] A player has disconnected. 
20:52:23.355 INFO  [paper-world-1] Loading utilities... 
20:52:23.356 INFO  [paper-world-1] Loading world metadata... 
20:52:23.357 INFO  [paper-world-1] The world is now online. 
20:53:09.239 INFO  [paper-world-1] A player has connected! 
20:53:09.265 INFO  [paper-world-1] Player sent: I am a player and I am here! 
20:53:41.011 INFO  [paper-world-1] Loading utilities... 
20:53:41.013 INFO  [paper-world-1] Loading world metadata... 
20:53:41.013 INFO  [paper-world-1] The world is now online. 
20:53:50.864 INFO  [paper-world-1] A player has connected! 
20:53:50.897 INFO  [paper-world-1] Player sent: I am a player and I am here! 
20:53:58.863 INFO  [paper-world-1] A player has disconnected. 
20:55:15.375 INFO  [paper-world-1] Loading utilities... 
20:55:15.377 INFO  [paper-world-1] Loading world metadata... 
20:55:15.378 INFO  [paper-world-1] The world is now online. 
20:55:18.327 INFO  [paper-world-1] A player has connected! 
20:55:18.396 INFO  [paper-world-1] Player sent: I am a player and I am here! 
20:56:00.666 INFO  [paper-world-1] Loading utilities... 
20:56:00.668 INFO  [paper-world-1] Loading world metadata... 
20:56:00.668 INFO  [paper-world-1] The world is now online. 
20:56:07.074 INFO  [paper-world-1] A player has connected! 
20:56:07.082 INFO  [paper-world-1] Player sent: I am a player and I am here! 
20:58:18.104 INFO  [paper-world-1] Loading utilities... 
20:58:18.105 INFO  [paper-world-1] Loading world metadata... 
20:58:18.106 INFO  [paper-world-1] The world is now online. 
20:58:22.246 INFO  [paper-world-1] A player has connected! 
20:58:22.259 INFO  [paper-world-1] Player sent: I am a player and I am here! 
20:59:34.056 INFO  [paper-world-1] Loading utilities... 
20:59:34.057 INFO  [paper-world-1] Loading world metadata... 
20:59:34.058 INFO  [paper-world-1] The world is now online. 
20:59:34.948 INFO  [paper-world-1] A player has connected! 
20:59:34.972 INFO  [paper-world-1] Player sent: I am a player and I am here! 
21:01:32.755 INFO  [paper-world-1] Loading utilities... 
21:01:32.757 INFO  [paper-world-1] Loading world metadata... 
21:01:32.757 INFO  [paper-world-1] The world is now online. 
21:01:47.821 INFO  [paper-world-1] A player has connected! 
21:01:54.133 INFO  [paper-world-1] A player has connected! 
21:01:57.126 INFO  [paper-world-1] A player has connected! 
21:01:58.884 INFO  [paper-world-1] A player has connected! 
21:01:59.980 INFO  [paper-world-1] A player has connected! 
21:02:01.035 INFO  [paper-world-1] A player has connected! 
21:02:01.990 INFO  [paper-world-1] A player has connected! 
21:02:02.744 INFO  [paper-world-1] A player has connected! 
21:03:00.640 INFO  [paper-world-1] Loading utilities... 
21:03:00.644 INFO  [paper-world-1] Loading world metadata... 
21:03:00.644 INFO  [paper-world-1] The world is now online. 
21:03:03.360 INFO  [paper-world-1] A player has connected! 
21:03:05.003 INFO  [paper-world-1] Loading utilities... 
21:03:05.004 INFO  [paper-world-1] Loading world metadata... 
21:03:05.005 INFO  [paper-world-1] The world is now online. 
21:03:52.377 INFO  [paper-world-1] Loading utilities... 
21:03:52.378 INFO  [paper-world-1] Loading world metadata... 
21:03:52.379 INFO  [paper-world-1] The world is now online. 
21:03:59.317 INFO  [paper-world-1] A player has connected! 
21:04:19.446 INFO  [paper-world-1] A player has connected! 
21:05:42.340 INFO  [paper-world-1] A player has connected! 
21:11:50.775 INFO  [paper-world-1] Loading utilities... 
21:11:50.777 INFO  [paper-world-1] Loading world metadata... 
21:11:50.777 INFO  [paper-world-1] The world is now online. 
21:11:57.959 INFO  [paper-world-1] Loading utilities... 
21:11:57.961 INFO  [paper-world-1] Loading world metadata... 
21:11:57.962 INFO  [paper-world-1] The world is now online. 
21:12:52.882 INFO  [paper-world-1] Loading utilities... 
21:12:52.884 INFO  [paper-world-1] Loading world metadata... 
21:12:52.885 INFO  [paper-world-1] The world is now online. 
21:13:15.782 INFO  [paper-world-1] Loading utilities... 
21:13:15.784 INFO  [paper-world-1] Loading world metadata... 
21:13:15.784 INFO  [paper-world-1] The world is now online. 
21:13:17.857 INFO  [paper-world-1] A player has connected! 
21:13:42.467 INFO  [paper-world-1] Loading utilities... 
21:13:42.469 INFO  [paper-world-1] Loading world metadata... 
21:13:42.469 INFO  [paper-world-1] The world is now online. 
21:13:43.972 INFO  [paper-world-1] A player has connected! 
21:13:46.215 INFO  [paper-world-1] A player has connected! 
21:14:57.997 INFO  [paper-world-1] Loading utilities... 
21:14:57.999 INFO  [paper-world-1] Loading world metadata... 
21:14:58.000 INFO  [paper-world-1] The world is now online. 
21:15:00.153 INFO  [paper-world-1] A player has connected! 
21:15:50.704 INFO  [paper-world-1] Loading utilities... 
21:15:50.707 INFO  [paper-world-1] Loading world metadata... 
21:15:50.707 INFO  [paper-world-1] The world is now online. 
21:15:53.568 INFO  [paper-world-1] A player has connected! 
21:16:29.308 INFO  [paper-world-1] Loading utilities... 
21:16:29.310 INFO  [paper-world-1] Loading world metadata... 
21:16:29.311 INFO  [paper-world-1] The world is now online. 
21:16:31.523 INFO  [paper-world-1] A player has connected! 
21:19:57.566 INFO  [paper-world-1] Loading utilities... 
21:19:57.568 INFO  [paper-world-1] Loading world metadata... 
21:19:57.568 INFO  [paper-world-1] The world is now online. 
21:20:02.316 INFO  [paper-world-1] Loading utilities... 
21:20:02.318 INFO  [paper-world-1] Loading world metadata... 
21:20:02.318 INFO  [paper-world-1] The world is now online. 
21:20:38.428 INFO  [paper-world-1] Loading utilities... 
21:20:38.430 INFO  [paper-world-1] Loading world metadata... 
21:20:38.430 INFO  [paper-world-1] The world is now online. 
21:20:42.149 INFO  [paper-world-1] Loading utilities... 
21:20:42.152 INFO  [paper-world-1] Loading world metadata... 
21:20:42.152 INFO  [paper-world-1] The world is now online. 
21:22:41.253 INFO  [paper-world-1] Loading utilities... 
21:22:41.255 INFO  [paper-world-1] Loading world metadata... 
21:22:41.255 INFO  [paper-world-1] The world is now online. 
21:22:43.997 INFO  [paper-world-1] A player has connected! 
21:23:57.108 INFO  [paper-world-1] Loading utilities... 
21:23:57.110 INFO  [paper-world-1] Loading world metadata... 
21:23:57.110 INFO  [paper-world-1] The world is now online. 
21:24:01.507 INFO  [paper-world-1] A player has connected! 
21:24:39.030 INFO  [paper-world-1] Loading utilities... 
21:24:39.032 INFO  [paper-world-1] Loading world metadata... 
21:24:39.033 INFO  [paper-world-1] The world is now online. 
21:24:42.459 INFO  [paper-world-1] A player has connected! 
21:25:24.828 INFO  [paper-world-1] Loading utilities... 
21:25:24.830 INFO  [paper-world-1] Loading world metadata... 
21:25:24.830 INFO  [paper-world-1] The world is now online. 
21:25:29.168 INFO  [paper-world-1] Loading utilities... 
21:25:29.173 INFO  [paper-world-1] Loading world metadata... 
21:25:29.174 INFO  [paper-world-1] The world is now online. 
21:26:14.182 INFO  [paper-world-1] Loading utilities... 
21:26:14.183 INFO  [paper-world-1] Loading world metadata... 
21:26:14.184 INFO  [paper-world-1] The world is now online. 
21:26:16.564 INFO  [paper-world-1] A player has connected! 
21:27:23.752 INFO  [paper-world-1] Loading utilities... 
21:27:23.754 INFO  [paper-world-1] Loading world metadata... 
21:27:23.754 INFO  [paper-world-1] The world is now online. 
21:27:26.527 INFO  [paper-world-1] A player has connected! 
21:28:43.869 INFO  [paper-world-1] Loading utilities... 
21:28:43.871 INFO  [paper-world-1] Loading world metadata... 
21:28:43.871 INFO  [paper-world-1] The world is now online. 
21:28:46.316 INFO  [paper-world-1] A player has connected! 
21:29:43.159 INFO  [paper-world-1] Loading utilities... 
21:29:43.161 INFO  [paper-world-1] Loading world metadata... 
21:29:43.162 INFO  [paper-world-1] The world is now online. 
21:29:45.490 INFO  [paper-world-1] A player has connected! 
21:30:10.339 INFO  [paper-world-1] Loading utilities... 
21:30:10.342 INFO  [paper-world-1] Loading world metadata... 
21:30:10.342 INFO  [paper-world-1] The world is now online. 
21:30:13.850 INFO  [paper-world-1] A player has connected! 
21:31:01.614 INFO  [paper-world-1] Loading utilities... 
21:31:01.616 INFO  [paper-world-1] Loading world metadata... 
21:31:01.616 INFO  [paper-world-1] The world is now online. 
21:31:05.370 INFO  [paper-world-1] A player has connected! 
21:32:54.682 INFO  [paper-world-1] Loading utilities... 
21:32:54.684 INFO  [paper-world-1] Loading world metadata... 
21:32:54.685 INFO  [paper-world-1] The world is now online. 
21:32:56.164 INFO  [paper-world-1] A player has connected! 
21:37:40.792 INFO  [paper-world-1] Loading utilities... 
21:37:40.794 INFO  [paper-world-1] Loading world metadata... 
21:37:40.795 INFO  [paper-world-1] The world is now online. 
21:37:44.356 INFO  [paper-world-1] A player has connected! 
21:43:11.913 INFO  [paper-world-1] Loading utilities... 
21:43:11.914 INFO  [paper-world-1] Loading world metadata... 
21:43:11.917 INFO  [paper-world-1] The world is now online. 
21:43:19.541 INFO  [paper-world-1] A player has connected! 
21:43:36.699 INFO  [paper-world-1] A player has connected! 
21:49:51.591 INFO  [paper-world-1] Loading utilities... 
21:49:51.592 INFO  [paper-world-1] Loading world metadata... 
21:49:51.594 INFO  [paper-world-1] The world is now online. 
21:49:55.796 INFO  [paper-world-1] A player has connected! 
22:05:25.147 INFO  [paper-world-1] Loading utilities... 
22:05:25.148 INFO  [paper-world-1] Loading world metadata... 
22:05:25.150 INFO  [paper-world-1] The world is now online. 
22:06:01.211 INFO  [paper-world-1] Loading utilities... 
22:06:01.214 INFO  [paper-world-1] Loading world metadata... 
22:06:01.215 INFO  [paper-world-1] The world is now online. 
22:08:07.567 INFO  [paper-world-1] Loading utilities... 
22:08:07.569 INFO  [paper-world-1] Loading world metadata... 
22:08:07.570 INFO  [paper-world-1] The world is now online. 
22:08:14.398 INFO  [paper-world-1] Loading utilities... 
22:08:14.402 INFO  [paper-world-1] Loading world metadata... 
22:08:14.406 INFO  [paper-world-1] The world is now online. 
22:09:33.028 INFO  [paper-world-1] Loading utilities... 
22:09:33.030 INFO  [paper-world-1] Loading world metadata... 
22:09:33.031 INFO  [paper-world-1] The world is now online. 
22:09:38.354 INFO  [paper-world-1] Loading utilities... 
22:09:38.355 INFO  [paper-world-1] Loading world metadata... 
22:09:38.357 INFO  [paper-world-1] The world is now online. 
22:10:01.122 INFO  [paper-world-1] Loading utilities... 
22:10:01.124 INFO  [paper-world-1] Loading world metadata... 
22:10:01.126 INFO  [paper-world-1] The world is now online. 
22:10:07.024 INFO  [paper-world-1] A player has connected! 
22:13:00.407 INFO  [paper-world-1] Loading utilities... 
22:13:00.408 INFO  [paper-world-1] Loading world metadata... 
22:13:00.412 INFO  [paper-world-1] The world is now online. 
22:13:02.795 INFO  [paper-world-1] A player has connected! 
22:14:20.066 INFO  [paper-world-1] Loading utilities... 
22:14:20.068 INFO  [paper-world-1] Loading world metadata... 
22:14:20.070 INFO  [paper-world-1] The world is now online. 
22:19:14.902 INFO  [paper-world-1] Loading utilities... 
22:19:14.903 INFO  [paper-world-1] Loading world metadata... 
22:19:14.905 INFO  [paper-world-1] The world is now online. 
22:19:18.877 INFO  [paper-world-1] Loading utilities... 
22:19:18.878 INFO  [paper-world-1] Loading world metadata... 
22:19:18.880 INFO  [paper-world-1] The world is now online. 
22:19:31.120 INFO  [paper-world-1] Loading utilities... 
22:19:31.122 INFO  [paper-world-1] Loading world metadata... 
22:19:31.124 INFO  [paper-world-1] The world is now online. 
22:19:37.647 INFO  [paper-world-1] Loading utilities... 
22:19:37.650 INFO  [paper-world-1] Loading world metadata... 
22:19:37.654 INFO  [paper-world-1] The world is now online. 
22:21:34.176 INFO  [paper-world-1] Loading utilities... 
22:21:34.177 INFO  [paper-world-1] Loading world metadata... 
22:21:34.179 INFO  [paper-world-1] The world is now online. 
22:21:36.605 INFO  [paper-world-1] A player has connected! 
22:21:40.732 INFO  [paper-world-1] A player has disconnected. 
22:25:04.601 INFO  [paper-world-1] Loading utilities... 
22:25:04.602 INFO  [paper-world-1] Loading world metadata... 
22:25:04.604 INFO  [paper-world-1] The world is now online. 
22:25:27.511 INFO  [paper-world-1] A player has connected! 
22:26:10.417 INFO  [paper-world-1] Loading utilities... 
22:26:10.420 INFO  [paper-world-1] Loading world metadata... 
22:26:10.422 INFO  [paper-world-1] The world is now online. 
22:26:13.290 INFO  [paper-world-1] A player has connected! 
22:27:19.878 INFO  [paper-world-1] Loading utilities... 
22:27:19.880 INFO  [paper-world-1] Loading world metadata... 
22:27:19.881 INFO  [paper-world-1] The world is now online. 
22:27:22.488 INFO  [paper-world-1] A player has connected! 
22:29:58.627 INFO  [paper-world-1] Loading utilities... 
22:29:58.629 INFO  [paper-world-1] Loading world metadata... 
22:29:58.631 INFO  [paper-world-1] The world is now online. 
22:30:01.761 INFO  [paper-world-1] A player has connected! 
22:30:03.509 INFO  [paper-world-1] Loading utilities... 
22:30:03.511 INFO  [paper-world-1] Loading world metadata... 
22:30:03.512 INFO  [paper-world-1] The world is now online. 
22:30:33.576 INFO  [paper-world-1] A player has connected! 
22:30:35.260 INFO  [paper-world-1] Loading utilities... 
22:30:35.261 INFO  [paper-world-1] Loading world metadata... 
22:30:35.263 INFO  [paper-world-1] The world is now online. 
22:30:55.667 INFO  [paper-world-1] A player has connected! 
