05:23:04.477 INFO  [paper-world] Loading utilities... 
05:23:04.479 INFO  [paper-world] Loading world metadata... 
05:24:05.340 INFO  [paper-world-1] Loading utilities... 
05:24:05.342 INFO  [paper-world-1] Loading world metadata... 
05:24:05.343 INFO  [paper-world-1] The world is now online. 
05:36:55.111 INFO  [paper-world-1] Loading utilities... 
05:36:55.113 INFO  [paper-world-1] Loading world metadata... 
05:36:55.114 INFO  [paper-world-1] The world is now online. 
05:38:45.616 INFO  [paper-world-1] Loading utilities... 
05:38:45.617 INFO  [paper-world-1] Loading world metadata... 
05:38:45.618 INFO  [paper-world-1] The world is now online. 
05:46:33.687 INFO  [paper-world-1] Loading utilities... 
05:46:33.689 INFO  [paper-world-1] Loading world metadata... 
05:46:33.690 INFO  [paper-world-1] The world is now online. 
05:50:56.706 INFO  [paper-world-1] Loading utilities... 
05:50:56.708 INFO  [paper-world-1] Loading world metadata... 
05:50:56.708 INFO  [paper-world-1] The world is now online. 
05:54:33.451 INFO  [paper-world-1] Loading utilities... 
05:54:33.453 INFO  [paper-world-1] Loading world metadata... 
05:54:33.453 INFO  [paper-world-1] The world is now online. 
05:55:13.538 INFO  [paper-world-1] Loading utilities... 
05:55:13.540 INFO  [paper-world-1] Loading world metadata... 
05:55:13.540 INFO  [paper-world-1] The world is now online. 
05:55:49.905 INFO  [paper-world-1] Loading utilities... 
05:55:49.906 INFO  [paper-world-1] Loading world metadata... 
05:55:49.907 INFO  [paper-world-1] The world is now online. 
05:56:57.490 INFO  [paper-world-1] Loading utilities... 
05:56:57.492 INFO  [paper-world-1] Loading world metadata... 
05:56:57.493 INFO  [paper-world-1] The world is now online. 
05:57:46.331 INFO  [paper-world-1] Loading utilities... 
05:57:46.333 INFO  [paper-world-1] Loading world metadata... 
05:57:46.334 INFO  [paper-world-1] The world is now online. 
05:58:01.852 INFO  [paper-world-1] Loading utilities... 
05:58:01.854 INFO  [paper-world-1] Loading world metadata... 
05:58:01.854 INFO  [paper-world-1] The world is now online. 
05:58:19.044 INFO  [paper-world-1] Loading utilities... 
05:58:19.046 INFO  [paper-world-1] Loading world metadata... 
05:58:19.047 INFO  [paper-world-1] The world is now online. 
05:59:00.627 INFO  [paper-world-1] Loading utilities... 
05:59:00.628 INFO  [paper-world-1] Loading world metadata... 
05:59:00.629 INFO  [paper-world-1] The world is now online. 
05:59:36.932 INFO  [paper-world-1] Loading utilities... 
05:59:36.934 INFO  [paper-world-1] Loading world metadata... 
05:59:36.935 INFO  [paper-world-1] The world is now online. 
18:34:21.786 INFO  [paper-world-1] Loading utilities... 
18:34:21.788 INFO  [paper-world-1] Loading world metadata... 
18:34:21.788 INFO  [paper-world-1] The world is now online. 
18:35:29.066 INFO  [paper-world-1] Loading utilities... 
18:35:29.068 INFO  [paper-world-1] Loading world metadata... 
18:35:29.068 INFO  [paper-world-1] The world is now online. 
18:36:36.553 INFO  [paper-world-1] Loading utilities... 
18:36:36.554 INFO  [paper-world-1] Loading world metadata... 
18:36:36.555 INFO  [paper-world-1] The world is now online. 
18:36:47.430 INFO  [paper-world-1] Loading utilities... 
18:36:47.432 INFO  [paper-world-1] Loading world metadata... 
18:36:47.432 INFO  [paper-world-1] The world is now online. 
18:37:44.789 INFO  [paper-world-1] Loading utilities... 
18:37:44.790 INFO  [paper-world-1] Loading world metadata... 
18:37:44.791 INFO  [paper-world-1] The world is now online. 
18:38:30.524 INFO  [paper-world-1] Loading utilities... 
18:38:30.525 INFO  [paper-world-1] Loading world metadata... 
18:38:30.526 INFO  [paper-world-1] The world is now online. 
18:38:48.993 INFO  [paper-world-1] Loading utilities... 
18:38:48.994 INFO  [paper-world-1] Loading world metadata... 
18:38:48.995 INFO  [paper-world-1] The world is now online. 
18:38:57.858 INFO  [paper-world-1] Loading utilities... 
18:38:57.859 INFO  [paper-world-1] Loading world metadata... 
18:38:57.860 INFO  [paper-world-1] The world is now online. 
18:39:17.985 INFO  [paper-world-1] Loading utilities... 
18:39:17.986 INFO  [paper-world-1] Loading world metadata... 
18:39:17.987 INFO  [paper-world-1] The world is now online. 
18:39:21.457 INFO  [paper-world-1] A player has connected! 
18:40:14.553 INFO  [paper-world-1] Loading utilities... 
18:40:14.554 INFO  [paper-world-1] Loading world metadata... 
18:40:14.555 INFO  [paper-world-1] The world is now online. 
18:53:05.486 INFO  [paper-world-1] Loading utilities... 
18:53:05.488 INFO  [paper-world-1] Loading world metadata... 
18:53:05.488 INFO  [paper-world-1] The world is now online. 
18:53:11.106 INFO  [paper-world-1] A player has connected! 
18:55:49.739 INFO  [paper-world-1] Loading utilities... 
18:55:49.740 INFO  [paper-world-1] Loading world metadata... 
18:55:49.741 INFO  [paper-world-1] The world is now online. 
18:55:54.204 INFO  [paper-world-1] A player has connected! 
18:57:38.827 INFO  [paper-world-1] Loading utilities... 
18:57:38.828 INFO  [paper-world-1] Loading world metadata... 
18:57:38.829 INFO  [paper-world-1] The world is now online. 
18:57:45.373 INFO  [paper-world-1] A player has connected! 
19:39:14.512 INFO  [paper-world-1] Loading utilities... 
19:39:14.514 INFO  [paper-world-1] Loading world metadata... 
19:39:14.514 INFO  [paper-world-1] The world is now online. 
19:39:26.711 INFO  [paper-world-1] A player has connected! 
19:40:35.158 INFO  [paper-world-1] Loading utilities... 
19:40:35.159 INFO  [paper-world-1] Loading world metadata... 
19:40:35.160 INFO  [paper-world-1] The world is now online. 
19:40:40.629 INFO  [paper-world-1] A player has connected! 
19:41:39.161 INFO  [paper-world-1] Loading utilities... 
19:41:39.163 INFO  [paper-world-1] Loading world metadata... 
19:41:39.163 INFO  [paper-world-1] The world is now online. 
19:41:45.540 INFO  [paper-world-1] A player has connected! 
