18:28:54.690 INFO  [Paperweight] 3000:The main development server is now online. 
18:29:56.607 INFO  [Paperweight] 3000:The main development server is now online. 
18:31:09.194 INFO  [Paperweight] 3000:The main development server is now online. 
18:34:31.653 INFO  [Paperweight] 3000:The main development server is now online. 
18:34:38.562 INFO  [Paperweight] 200 GET / ::1 
18:35:14.202 INFO  [Paperweight] 3000:The main development server is now online. 
18:35:16.479 INFO  [Paperweight] 200 GET / ::1 
18:36:34.605 INFO  [Paperweight] 3000:The main development server is now online. 
18:36:58.580 INFO  [Paperweight] 3000:The main development server is now online. 
18:40:02.506 INFO  [Microservice] The app is now online. 
18:41:46.932 INFO  [Paperweight] 3000:The main development server is now online. 
18:42:20.182 INFO  [Paperweight] 3000:The main development server is now online. 
18:43:01.933 INFO  [Microservice] The app is now online. 
18:44:20.484 INFO  [Paperweight] 3000:The main development server is now online. 
18:45:59.819 INFO  [Paperweight] 3000:The main development server is now online. 
18:47:49.606 INFO  [Paperweight] 3000:The main development server is now online. 
18:47:53.436 INFO  [Paperweight] 200 GET / ::1 
18:48:17.153 INFO  [Paperweight] 3000:The main development server is now online. 
18:48:19.905 INFO  [Paperweight] 200 GET / ::1 
18:52:24.137 INFO  [Paperweight] 3000:The main development server is now online. 
18:53:40.173 INFO  [Paperweight] 3000:The main development server is now online. 
18:55:24.405 INFO  [Paperweight] 3000:The main development server is now online. 
18:59:52.324 INFO  [Paperweight] 3000:The main development server is now online. 
19:00:09.162 INFO  [Paperweight] 3000:The main development server is now online. 
19:00:09.811 INFO  [Paperweight] 200 GET / ::1 
19:00:28.226 INFO  [Paperweight] 200 GET / ::1 
19:00:38.348 INFO  [Paperweight] 200 GET / ::1 
19:02:31.509 INFO  [Paperweight] 3000:The main development server is now online. 
19:02:31.973 INFO  [Paperweight] 200 GET / ::1 
19:02:42.203 INFO  [Paperweight] 200 GET / ::1 
19:04:18.817 INFO  [Paperweight] 3001:The main development server is now online. 
19:04:19.273 INFO  [Paperweight] 200 GET / ::1 
19:04:23.443 INFO  [Paperweight] 200 GET / ::1 
19:04:53.852 INFO  [Paperweight] 200 GET / ::1 
19:05:01.154 INFO  [Paperweight] 200 GET / ::1 
19:19:04.557 INFO  [Paperweight] 3000:The main development server is now online. 
19:19:23.508 INFO  [Paperweight] 200 GET / ::1 
19:19:56.708 INFO  [Paperweight] 3000:The main development server is now online. 
19:19:58.467 INFO  [Paperweight] 200 GET / ::1 
19:20:08.533 INFO  [Paperweight] 200 GET / ::1 
19:37:08.739 INFO  [Paperweight] 200 GET / ::1 
19:51:29.505 INFO  [Paperweight] 3000:The main development server is now online. 
19:52:11.121 INFO  [Paperweight] 200 GET / ::1 
19:52:20.516 INFO  [Paperweight] 200 GET / ::1 
20:04:33.402 INFO  [Paperweight] 3000:The main development server is now online. 
20:05:23.446 INFO  [Paperweight] 200 GET / ::1 
20:25:24.802 INFO  [Microservice] The app is now online. 
20:27:01.515 INFO  [Paperweight] undefined:undefined 
20:34:01.242 INFO  [Paperweight] undefined:undefined 
20:37:40.767 INFO  [Paperweight] undefined:undefined 
20:38:42.435 INFO  [Paperweight] undefined:undefined 
20:38:59.628 INFO  [Paperweight] undefined:undefined 
20:40:38.570 INFO  [Paperweight] undefined:undefined 
21:08:11.355 INFO  [Microservice] The app is now online. 
21:51:08.088 INFO  [Microservice] The app is now online. 
22:42:27.952 INFO  [Microservice] Loading utilities... 
22:42:27.953 INFO  [Microservice] Loading world metadata... 
22:42:27.955 INFO  [Microservice] The app is now online. 
22:42:29.930 INFO  [Microservice] {"responses":[{"success":true,"errNo":"","errDesc":"","id":"LO_255590680","to":"15133302458"}]} 
22:44:28.100 INFO  [Microservice] Loading utilities... 
22:44:28.101 INFO  [Microservice] Loading world metadata... 
22:44:51.771 INFO  [Microservice] Loading utilities... 
22:44:51.772 INFO  [Microservice] Loading world metadata... 
22:46:00.735 INFO  [Microservice] Loading utilities... 
22:46:00.736 INFO  [Microservice] Loading world metadata... 
22:56:05.877 INFO  [Microservice] Loading utilities... 
22:56:05.878 INFO  [Microservice] Loading world metadata... 
22:56:05.880 INFO  [Microservice] The app is now online. 
22:56:08.377 INFO  [Microservice] {"responses":[{"success":true,"errNo":"","errDesc":"","id":"LA_475669423","to":"15133302458"}]} 
22:57:42.843 INFO  [Microservice] Loading utilities... 
22:57:42.843 INFO  [Microservice] Loading world metadata... 
22:58:11.644 INFO  [Microservice] Loading utilities... 
22:58:11.645 INFO  [Microservice] Loading world metadata... 
22:58:28.563 INFO  [Microservice] Loading utilities... 
22:58:28.564 INFO  [Microservice] Loading world metadata... 
22:58:28.566 INFO  [Microservice] The app is now online. 
22:58:29.895 INFO  [Microservice] {"responses":[{"success":true,"errNo":"","errDesc":"","id":"LO_255590813","to":"15133302458"}]} 
23:42:58.891 INFO  [Microservice] Loading utilities... 
23:42:58.891 INFO  [Microservice] Loading world metadata... 
23:42:58.893 INFO  [Microservice] The app is now online. 
23:43:00.211 INFO  [Microservice] {"responses":[{"success":true,"errNo":"","errDesc":"","id":"LO_255591232","to":"15133302458"}]} 
23:43:28.081 INFO  [Microservice] Loading utilities... 
23:43:28.082 INFO  [Microservice] Loading world metadata... 
23:43:28.084 INFO  [Microservice] The app is now online. 
23:43:28.105 INFO  [Microservice] undefined 
23:53:59.801 INFO  [Microservice] Loading utilities... 
23:53:59.802 INFO  [Microservice] Loading world metadata... 
23:53:59.804 INFO  [Microservice] The app is now online. 
23:55:32.563 INFO  [Microservice] Loading utilities... 
23:55:32.563 INFO  [Microservice] Loading world metadata... 
23:55:32.565 INFO  [Microservice] The app is now online. 
23:57:01.270 INFO  [Microservice] Loading utilities... 
23:57:01.270 INFO  [Microservice] Loading world metadata... 
23:57:01.273 INFO  [Microservice] The app is now online. 
