00:28:32.476 INFO  [Microservice] Loading utilities... 
00:28:32.478 INFO  [Microservice] Loading world metadata... 
00:28:32.482 INFO  [Paperweight] 3000:The main development server is now online. 
00:28:46.714 ERROR [iomicro] ERROR: In order to use { private: true }, send an access key like so: 
         '$ node app.js "reallyreallyreallyreallyreallyreallylonghashedkey"' 
00:28:46.733 INFO  [Paperweight] 403 GET /restart ::1 
00:28:59.780 INFO  [Microservice] Loading utilities... 
00:28:59.781 INFO  [Microservice] Loading world metadata... 
00:28:59.784 INFO  [Paperweight] 3000:The main development server is now online. 
00:33:13.660 INFO  [Paperweight] 403 GET /restart ::1 
00:34:05.549 INFO  [Microservice] Loading utilities... 
00:34:05.550 INFO  [Microservice] Loading world metadata... 
00:34:05.553 INFO  [Paperweight] 3000:The main development server is now online. 
00:34:13.963 ERROR [iomicro] ERROR: In order to use { private: true }, send an access key like so: 
         '$ node app.js "reallyreallyreallyreallyreallyreallylonghashedkey"' 
00:34:13.978 INFO  [Paperweight] 403 GET /restart?timer=10000 ::1 
00:34:23.002 INFO  [Microservice] Loading utilities... 
00:34:23.004 INFO  [Microservice] Loading world metadata... 
00:34:23.007 INFO  [Paperweight] 3000:The main development server is now online. 
00:34:25.572 INFO  [Paperweight] 200 GET /restart?timer=10000 ::1 
00:34:36.887 INFO  [Microservice] Loading utilities... 
00:34:36.888 INFO  [Microservice] Loading world metadata... 
00:34:36.892 INFO  [Paperweight] 3000:The main development server is now online. 
00:37:46.168 INFO  [Microservice] Loading utilities... 
00:37:46.169 INFO  [Microservice] Loading world metadata... 
00:37:46.178 INFO  [Paperweight] 3000:The main development server is now online. 
00:37:53.417 INFO  [Paperweight] 200 GET /restart?timer=10000 ::1 
00:38:04.711 INFO  [Microservice] Loading utilities... 
00:38:04.712 INFO  [Microservice] Loading world metadata... 
00:38:04.715 INFO  [Paperweight] 3000:The main development server is now online. 
00:51:22.142 INFO  [Microservice] Loading utilities... 
00:51:22.143 INFO  [Microservice] Loading world metadata... 
00:51:22.146 INFO  [Paperweight] 3000:The main development server is now online. 
00:52:16.204 INFO  [Microservice] Loading utilities... 
00:52:16.205 INFO  [Microservice] Loading world metadata... 
00:52:16.208 INFO  [Paperweight] 3000:The main development server is now online. 
00:52:20.395 ERROR [iomicro] ERROR: In order to use { private: true }, send an access key like so: 
         '$ node app.js "reallyreallyreallyreallyreallyreallylonghashedkey"' 
00:52:20.407 INFO  [Paperweight] 403 GET /restart ::1 
00:54:23.689 INFO  [Microservice] Loading utilities... 
00:54:23.689 INFO  [Microservice] Loading world metadata... 
00:54:23.692 INFO  [Paperweight] 3000:The development world is now online. 
00:57:09.724 INFO  [Microservice] Loading utilities... 
00:57:09.725 INFO  [Microservice] Loading world metadata... 
00:57:09.729 INFO  [Paperweight-Wundefined] 3000:World undefined is now online. 
00:57:13.287 INFO  [Paperweight-Wundefined] {"responses":[{"success":true,"errNo":"","errDesc":"","id":"LA_475972835","to":"15133302458"}]} 
00:57:39.825 INFO  [Microservice] Loading utilities... 
00:57:39.826 INFO  [Microservice] Loading world metadata... 
00:57:39.829 INFO  [Paperweight-W301] 3000:World 301 is now online. 
00:58:23.677 INFO  [Microservice] Loading utilities... 
00:58:23.678 INFO  [Microservice] Loading world metadata... 
00:58:23.681 INFO  [Paperweight-W301] World 301 is now online on port 3000. 
00:59:03.007 ERROR [iomicro] ERROR: In order to use { private: true }, send an access key like so: 
         '$ node app.js "reallyreallyreallyreallyreallyreallylonghashedkey"' 
00:59:03.018 INFO  [Paperweight-W301] 403 GET /restart ::1 
01:00:35.382 INFO  [Microservice] Loading utilities... 
01:00:35.383 INFO  [Microservice] Loading world metadata... 
01:00:35.386 INFO  [Paperweight-W301] World 301 is now online on port 3000. 
01:00:38.940 INFO  [Paperweight-W301] 200 GET /restart ::1 
01:01:33.291 INFO  [Microservice] Loading utilities... 
01:01:33.292 INFO  [Microservice] Loading world metadata... 
01:01:33.295 INFO  [Paperweight-W301] World is now online on port 3000. 
01:01:56.768 INFO  [Microservice] Loading utilities... 
01:01:56.769 INFO  [Microservice] Loading world metadata... 
01:01:56.772 INFO  [Paperweight-W2] World is now online on port 200. 
01:02:08.019 INFO  [Paperweight-W2] 200 GET / ::1 
01:04:46.506 INFO  [Microservice] Loading utilities... 
01:04:46.507 INFO  [Microservice] Loading world metadata... 
01:04:46.510 INFO  [Paperweight-W2] World is now online on port 200. 
01:05:05.835 INFO  [Paperweight-W2] 200 GET / ::1 
01:05:27.493 INFO  [Paperweight-W2] 304 GET / ::1 
01:05:30.558 INFO  [Paperweight-W2] 304 GET / ::1 
01:05:34.930 INFO  [Paperweight-W2] 304 GET / ::1 
01:07:54.314 INFO  [Paperweight-W2] 200 GET /restart ::1 
01:08:12.076 INFO  [Microservice] Loading utilities... 
01:08:12.078 INFO  [Microservice] Loading world metadata... 
01:08:12.081 INFO  [Paperweight-W2] World is now online on port 200. 
01:08:18.049 INFO  [Paperweight-W2] 200 GET / ::1 
01:08:20.775 INFO  [Paperweight-W2] 304 GET / ::1 
01:08:26.469 INFO  [Paperweight-W2] 200 GET /restart ::1 
01:08:28.900 INFO  [Microservice] Loading utilities... 
01:08:28.902 INFO  [Microservice] Loading world metadata... 
01:08:28.905 INFO  [Paperweight-W2] World is now online on port 200. 
18:15:38.150 INFO  [Microservice] Loading utilities... 
18:15:38.151 INFO  [Microservice] Loading world metadata... 
18:16:06.387 INFO  [Microservice] Loading utilities... 
18:16:06.389 INFO  [Microservice] Loading world metadata... 
18:19:26.575 INFO  [Microservice] Loading utilities... 
18:19:26.576 INFO  [Microservice] Loading world metadata... 
18:19:50.305 INFO  [Microservice] Loading utilities... 
18:19:50.307 INFO  [Microservice] Loading world metadata... 
18:24:40.706 INFO  [Microservice] Loading utilities... 
18:24:40.710 INFO  [Microservice] Loading world metadata... 
18:24:40.750 INFO  [Microservice] undefined 
22:36:17.147 INFO  [Microservice] Loading utilities... 
22:36:17.148 INFO  [Microservice] Loading world metadata... 
22:36:17.151 INFO  [Paperweight-Wundefined] World is now online on port 3000. 
22:38:01.314 INFO  [Microservice] Loading utilities... 
22:38:01.315 INFO  [Microservice] Loading world metadata... 
22:38:01.319 INFO  [Paperweight-W1] World is now online on port 3000. 
22:38:08.323 INFO  [Paperweight-W1] 200 GET / ::1 
22:38:32.922 INFO  [Microservice] Loading utilities... 
22:38:32.924 INFO  [Microservice] Loading world metadata... 
22:38:32.928 INFO  [Paperweight-W1] World is now online on port 3000. 
22:38:34.784 INFO  [Paperweight-W1] 200 GET / ::1 
